<?xml version="1.0" encoding="UTF-8"?>
<testsuite name="ohtuesimerkki.StatisticsTest" tests="4" skipped="0" failures="0" errors="0" timestamp="2020-02-02T20:09:53" hostname="Terhi-MacBook-Air.local" time="0.008">
  <properties/>
  <testcase name="olemattomanPelaajanHaku" classname="ohtuesimerkki.StatisticsTest" time="0.005"/>
  <testcase name="joukkueenHaku" classname="ohtuesimerkki.StatisticsTest" time="0.001"/>
  <testcase name="maaliHaku" classname="ohtuesimerkki.StatisticsTest" time="0.0"/>
  <testcase name="pelaajanHaku" classname="ohtuesimerkki.StatisticsTest" time="0.0"/>
  <system-out><![CDATA[]]></system-out>
  <system-err><![CDATA[]]></system-err>
</testsuite>
